# JRE version: OpenJDK Runtime Environment 19.9 (13.0.4+8) (build 13.0.4+8)
# Java VM: OpenJDK 64-Bit Server VM 19.9 (13.0.4+8, mixed mode, sharing, tiered, compressed oops, g1 gc, windows-amd64)
Heap:
 garbage-first heap   total 262144K, used 142829K [0x00000000e0000000, 0x0000000100000000)
  region size 1024K, 119 young (121856K), 18 survivors (18432K)
 Metaspace       used 53447K, capacity 55056K, committed 55168K, reserved 303104K
  class space    used 7087K, capacity 7715K, committed 7808K, reserved 253952K
GC Heap History (12 events):
Event: 0.751 GC heap before
{Heap before GC invocations=0 (full 0):
 garbage-first heap   total 262144K, used 29696K [0x00000000e0000000, 0x0000000100000000)
  region size 1024K, 24 young (24576K), 0 survivors (0K)
 Metaspace       used 3679K, capacity 6559K, committed 6656K, reserved 262144K
  class space    used 476K, capacity 761K, committed 768K, reserved 253952K
}
Event: 0.755 GC heap after
{Heap after GC invocations=1 (full 0):
 garbage-first heap   total 262144K, used 8683K [0x00000000e0000000, 0x0000000100000000)
  region size 1024K, 3 young (3072K), 3 survivors (3072K)
 Metaspace       used 3679K, capacity 6559K, committed 6656K, reserved 262144K
  class space    used 476K, capacity 761K, committed 768K, reserved 253952K
}
Event: 3.188 GC heap before
{Heap before GC invocations=1 (full 0):
 garbage-first heap   total 262144K, used 161259K [0x00000000e0000000, 0x0000000100000000)
  region size 1024K, 153 young (156672K), 3 survivors (3072K)
 Metaspace       used 18862K, capacity 19472K, committed 19712K, reserved 272384K
  class space    used 2818K, capacity 3046K, committed 3072K, reserved 253952K
}
Event: 3.196 GC heap after
{Heap after GC invocations=2 (full 0):
 garbage-first heap   total 262144K, used 18356K [0x00000000e0000000, 0x0000000100000000)
  region size 1024K, 13 young (13312K), 13 survivors (13312K)
 Metaspace       used 18862K, capacity 19472K, committed 19712K, reserved 272384K
  class space    used 2818K, capacity 3046K, committed 3072K, reserved 253952K
}
Event: 3.396 GC heap before
{Heap before GC invocations=2 (full 0):
 garbage-first heap   total 262144K, used 35764K [0x00000000e0000000, 0x0000000100000000)
  region size 1024K, 31 young (31744K), 13 survivors (13312K)
 Metaspace       used 20586K, capacity 21209K, committed 21248K, reserved 272384K
  class space    used 3091K, capacity 3326K, committed 3328K, reserved 253952K
}
Event: 3.406 GC heap after
{Heap after GC invocations=3 (full 0):
 garbage-first heap   total 262144K, used 19117K [0x00000000e0000000, 0x0000000100000000)
  region size 1024K, 10 young (10240K), 10 survivors (10240K)
 Metaspace       used 20586K, capacity 21209K, committed 21248K, reserved 272384K
  class space    used 3091K, capacity 3326K, committed 3328K, reserved 253952K
}
Event: 6.109 GC heap before
{Heap before GC invocations=4 (full 0):
 garbage-first heap   total 262144K, used 109229K [0x00000000e0000000, 0x0000000100000000)
  region size 1024K, 95 young (97280K), 10 survivors (10240K)
 Metaspace       used 32357K, capacity 33323K, committed 33536K, reserved 282624K
  class space    used 4417K, capacity 4788K, committed 4864K, reserved 253952K
}
Event: 6.117 GC heap after
{Heap after GC invocations=5 (full 0):
 garbage-first heap   total 262144K, used 26715K [0x00000000e0000000, 0x0000000100000000)
  region size 1024K, 9 young (9216K), 9 survivors (9216K)
 Metaspace       used 32357K, capacity 33323K, committed 33536K, reserved 282624K
  class space    used 4417K, capacity 4788K, committed 4864K, reserved 253952K
}
Event: 6.400 GC heap before
{Heap before GC invocations=5 (full 0):
 garbage-first heap   total 262144K, used 63579K [0x00000000e0000000, 0x0000000100000000)
  region size 1024K, 46 young (47104K), 9 survivors (9216K)
 Metaspace       used 34704K, capacity 35723K, committed 35840K, reserved 284672K
  class space    used 4772K, capacity 5187K, committed 5248K, reserved 253952K
}
Event: 6.412 GC heap after
{Heap after GC invocations=6 (full 0):
 garbage-first heap   total 262144K, used 28083K [0x00000000e0000000, 0x0000000100000000)
  region size 1024K, 10 young (10240K), 10 survivors (10240K)
 Metaspace       used 34704K, capacity 35723K, committed 35840K, reserved 284672K
  class space    used 4772K, capacity 5187K, committed 5248K, reserved 253952K
}
Event: 7.689 GC heap before
{Heap before GC invocations=7 (full 0):
 garbage-first heap   total 262144K, used 165299K [0x00000000e0000000, 0x0000000100000000)
  region size 1024K, 142 young (145408K), 10 survivors (10240K)
 Metaspace       used 46390K, capacity 47831K, committed 48128K, reserved 296960K
  class space    used 6208K, capacity 6787K, committed 6912K, reserved 253952K
}
Event: 7.700 GC heap after
{Heap after GC invocations=8 (full 0):
 garbage-first heap   total 262144K, used 40429K [0x00000000e0000000, 0x0000000100000000)
  region size 1024K, 18 young (18432K), 18 survivors (18432K)
 Metaspace       used 46390K, capacity 47831K, committed 48128K, reserved 296960K
  class space    used 6208K, capacity 6787K, committed 6912K, reserved 253952K
}

