# JRE version: OpenJDK Runtime Environment 19.9 (13.0.4+8) (build 13.0.4+8)
# Java VM: OpenJDK 64-Bit Server VM 19.9 (13.0.4+8, mixed mode, sharing, tiered, compressed oops, g1 gc, windows-amd64)
Heap:
 garbage-first heap   total 262144K, used 205039K [0x00000000e0000000, 0x0000000100000000)
  region size 1024K, 95 young (97280K), 4 survivors (4096K)
 Metaspace       used 94339K, capacity 97844K, committed 98048K, reserved 339968K
  class space    used 12150K, capacity 13467K, committed 13568K, reserved 253952K
GC Heap History (20 events):
Event: 10.054 GC heap before
{Heap before GC invocations=7 (full 0):
 garbage-first heap   total 262144K, used 177298K [0x00000000e0000000, 0x0000000100000000)
  region size 1024K, 153 young (156672K), 20 survivors (20480K)
 Metaspace       used 57457K, capacity 59130K, committed 59392K, reserved 305152K
  class space    used 7729K, capacity 8374K, committed 8448K, reserved 253952K
}
Event: 10.068 GC heap after
{Heap after GC invocations=8 (full 0):
 garbage-first heap   total 262144K, used 51607K [0x00000000e0000000, 0x0000000100000000)
  region size 1024K, 20 young (20480K), 20 survivors (20480K)
 Metaspace       used 57457K, capacity 59130K, committed 59392K, reserved 305152K
  class space    used 7729K, capacity 8374K, committed 8448K, reserved 253952K
}
Event: 10.127 GC heap before
{Heap before GC invocations=8 (full 0):
 garbage-first heap   total 262144K, used 54679K [0x00000000e0000000, 0x0000000100000000)
  region size 1024K, 24 young (24576K), 20 survivors (20480K)
 Metaspace       used 57914K, capacity 59668K, committed 59904K, reserved 307200K
  class space    used 7793K, capacity 8423K, committed 8448K, reserved 253952K
}
Event: 10.149 GC heap after
{Heap after GC invocations=9 (full 0):
 garbage-first heap   total 262144K, used 54404K [0x00000000e0000000, 0x0000000100000000)
  region size 1024K, 3 young (3072K), 3 survivors (3072K)
 Metaspace       used 57914K, capacity 59668K, committed 59904K, reserved 307200K
  class space    used 7793K, capacity 8423K, committed 8448K, reserved 253952K
}
Event: 11.428 GC heap before
{Heap before GC invocations=10 (full 0):
 garbage-first heap   total 262144K, used 145540K [0x00000000e0000000, 0x0000000100000000)
  region size 1024K, 92 young (94208K), 3 survivors (3072K)
 Metaspace       used 63508K, capacity 65800K, committed 65920K, reserved 311296K
  class space    used 8663K, capacity 9565K, committed 9600K, reserved 253952K
}
Event: 11.435 GC heap after
{Heap after GC invocations=11 (full 0):
 garbage-first heap   total 262144K, used 62968K [0x00000000e0000000, 0x0000000100000000)
  region size 1024K, 11 young (11264K), 11 survivors (11264K)
 Metaspace       used 63508K, capacity 65800K, committed 65920K, reserved 311296K
  class space    used 8663K, capacity 9565K, committed 9600K, reserved 253952K
}
Event: 12.324 GC heap before
{Heap before GC invocations=11 (full 0):
 garbage-first heap   total 262144K, used 157176K [0x00000000e0000000, 0x0000000100000000)
  region size 1024K, 103 young (105472K), 11 survivors (11264K)
 Metaspace       used 69871K, capacity 72356K, committed 72576K, reserved 317440K
  class space    used 9530K, capacity 10521K, committed 10624K, reserved 253952K
}
Event: 12.335 GC heap after
{Heap after GC invocations=12 (full 0):
 garbage-first heap   total 262144K, used 71624K [0x00000000e0000000, 0x0000000100000000)
  region size 1024K, 9 young (9216K), 9 survivors (9216K)
 Metaspace       used 69871K, capacity 72356K, committed 72576K, reserved 317440K
  class space    used 9530K, capacity 10521K, committed 10624K, reserved 253952K
}
Event: 12.941 GC heap before
{Heap before GC invocations=12 (full 0):
 garbage-first heap   total 262144K, used 165832K [0x00000000e0000000, 0x0000000100000000)
  region size 1024K, 102 young (104448K), 9 survivors (9216K)
 Metaspace       used 71447K, capacity 74222K, committed 74368K, reserved 317440K
  class space    used 9711K, capacity 10772K, committed 10880K, reserved 253952K
}
Event: 12.950 GC heap after
{Heap after GC invocations=13 (full 0):
 garbage-first heap   total 262144K, used 78535K [0x00000000e0000000, 0x0000000100000000)
  region size 1024K, 7 young (7168K), 7 survivors (7168K)
 Metaspace       used 71447K, capacity 74222K, committed 74368K, reserved 317440K
  class space    used 9711K, capacity 10772K, committed 10880K, reserved 253952K
}
Event: 13.473 GC heap before
{Heap before GC invocations=13 (full 0):
 garbage-first heap   total 262144K, used 175815K [0x00000000e0000000, 0x0000000100000000)
  region size 1024K, 103 young (105472K), 7 survivors (7168K)
 Metaspace       used 72271K, capacity 75004K, committed 75136K, reserved 319488K
  class space    used 9732K, capacity 10792K, committed 10880K, reserved 253952K
}
Event: 13.481 GC heap after
{Heap after GC invocations=14 (full 0):
 garbage-first heap   total 262144K, used 84239K [0x00000000e0000000, 0x0000000100000000)
  region size 1024K, 13 young (13312K), 13 survivors (13312K)
 Metaspace       used 72271K, capacity 75004K, committed 75136K, reserved 319488K
  class space    used 9732K, capacity 10792K, committed 10880K, reserved 253952K
}
Event: 15.056 GC heap before
{Heap before GC invocations=14 (full 0):
 garbage-first heap   total 262144K, used 185615K [0x00000000e0000000, 0x0000000100000000)
  region size 1024K, 111 young (113664K), 13 survivors (13312K)
 Metaspace       used 76047K, capacity 78830K, committed 78976K, reserved 321536K
  class space    used 10224K, capacity 11318K, committed 11392K, reserved 253952K
}
Event: 15.064 GC heap after
{Heap after GC invocations=15 (full 0):
 garbage-first heap   total 262144K, used 90047K [0x00000000e0000000, 0x0000000100000000)
  region size 1024K, 11 young (11264K), 11 survivors (11264K)
 Metaspace       used 76047K, capacity 78830K, committed 78976K, reserved 321536K
  class space    used 10224K, capacity 11318K, committed 11392K, reserved 253952K
}
Event: 69.216 GC heap before
{Heap before GC invocations=15 (full 0):
 garbage-first heap   total 262144K, used 191423K [0x00000000e0000000, 0x0000000100000000)
  region size 1024K, 111 young (113664K), 11 survivors (11264K)
 Metaspace       used 81189K, capacity 84324K, committed 84608K, reserved 327680K
  class space    used 10654K, capacity 11835K, committed 11904K, reserved 253952K
}
Event: 69.228 GC heap after
{Heap after GC invocations=16 (full 0):
 garbage-first heap   total 262144K, used 99175K [0x00000000e0000000, 0x0000000100000000)
  region size 1024K, 14 young (14336K), 14 survivors (14336K)
 Metaspace       used 81189K, capacity 84324K, committed 84608K, reserved 327680K
  class space    used 10654K, capacity 11835K, committed 11904K, reserved 253952K
}
Event: 70.836 GC heap before
{Heap before GC invocations=16 (full 0):
 garbage-first heap   total 262144K, used 196455K [0x00000000e0000000, 0x0000000100000000)
  region size 1024K, 110 young (112640K), 14 survivors (14336K)
 Metaspace       used 83725K, capacity 86949K, committed 87168K, reserved 329728K
  class space    used 10917K, capacity 12128K, committed 12160K, reserved 253952K
}
Event: 70.851 GC heap after
{Heap after GC invocations=17 (full 0):
 garbage-first heap   total 262144K, used 110346K [0x00000000e0000000, 0x0000000100000000)
  region size 1024K, 12 young (12288K), 12 survivors (12288K)
 Metaspace       used 83725K, capacity 86949K, committed 87168K, reserved 329728K
  class space    used 10917K, capacity 12128K, committed 12160K, reserved 253952K
}
Event: 72.004 GC heap before
{Heap before GC invocations=17 (full 0):
 garbage-first heap   total 262144K, used 212746K [0x00000000e0000000, 0x0000000100000000)
  region size 1024K, 102 young (104448K), 12 survivors (12288K)
 Metaspace       used 86319K, capacity 89730K, committed 89856K, reserved 331776K
  class space    used 11199K, capacity 12470K, committed 12544K, reserved 253952K
}
Event: 72.010 GC heap after
{Heap after GC invocations=18 (full 0):
 garbage-first heap   total 262144K, used 107759K [0x00000000e0000000, 0x0000000100000000)
  region size 1024K, 4 young (4096K), 4 survivors (4096K)
 Metaspace       used 86319K, capacity 89730K, committed 89856K, reserved 331776K
  class space    used 11199K, capacity 12470K, committed 12544K, reserved 253952K
}

